2024-01-07 23:32:30,360 INFO:Starting Flask app...
2024-01-07 23:32:30,414 INFO: * Running on http://10.0.0.237:5000/ (Press CTRL+C to quit)
2024-01-07 23:32:30,581 INFO:Keyboard listener started.
2024-01-07 23:32:47,691 INFO:Detected key: 6, Label: Pee Diaper for Harper
2024-01-07 23:32:47,692 INFO:Key 6 pressed. Label: Pee Diaper for Harper, Count: 1
2024-01-07 23:32:47,698 INFO:Connected to the database successfully for Pee Diaper for Harper.
2024-01-07 23:32:47,701 ERROR:SQLite error: no such column: key_label
2024-01-07 23:33:16,189 INFO:Starting Flask app...
2024-01-07 23:33:16,230 INFO: * Running on http://10.0.0.237:5000/ (Press CTRL+C to quit)
2024-01-07 23:33:16,410 INFO:Keyboard listener started.
2024-01-07 23:33:49,360 INFO:Detected key: 6, Label: Pee Diaper for Harper
2024-01-07 23:33:49,361 INFO:Key 6 pressed. Label: Pee Diaper for Harper, Count: 1
2024-01-07 23:33:49,363 INFO:Connected to the database successfully for Pee Diaper for Harper.
2024-01-07 23:33:49,366 ERROR:SQLite error: no such column: key_label
2024-01-07 23:33:50,249 INFO:Detected key: 5, Label: Pee Diaper for Halston
2024-01-07 23:33:50,250 INFO:Key 5 pressed. Label: Pee Diaper for Halston, Count: 1
2024-01-07 23:33:50,251 INFO:Connected to the database successfully for Pee Diaper for Halston.
2024-01-07 23:33:50,253 ERROR:SQLite error: no such column: key_label
2024-01-07 23:33:50,549 INFO:Detected key: 6, Label: Pee Diaper for Harper
2024-01-07 23:33:50,550 INFO:Key 6 pressed. Label: Pee Diaper for Harper, Count: 2
2024-01-07 23:33:50,551 INFO:Connected to the database successfully for Pee Diaper for Harper.
2024-01-07 23:33:50,553 ERROR:SQLite error: no such column: key_label
2024-01-07 23:33:50,861 INFO:Detected key: 5, Label: Pee Diaper for Halston
2024-01-07 23:33:50,861 INFO:Key 5 pressed. Label: Pee Diaper for Halston, Count: 2
2024-01-07 23:33:50,862 INFO:Connected to the database successfully for Pee Diaper for Halston.
2024-01-07 23:33:50,864 ERROR:SQLite error: no such column: key_label
2024-01-07 23:33:51,169 INFO:Detected key: 3, Label: Unknown
2024-01-07 23:33:51,478 INFO:Detected key: 2, Label: Poo Diaper for Halston
2024-01-07 23:33:51,478 INFO:Key 2 pressed. Label: Poo Diaper for Halston, Count: 1
2024-01-07 23:33:51,480 INFO:Connected to the database successfully for Poo Diaper for Halston.
2024-01-07 23:33:51,482 ERROR:SQLite error: no such column: key_label
2024-01-07 23:33:51,823 INFO:Detected key: 5, Label: Pee Diaper for Halston
2024-01-07 23:33:51,824 INFO:Key 5 pressed. Label: Pee Diaper for Halston, Count: 3
2024-01-07 23:33:51,825 INFO:Connected to the database successfully for Pee Diaper for Halston.
2024-01-07 23:33:51,827 ERROR:SQLite error: no such column: key_label
2024-01-07 23:33:52,068 INFO:Detected key: 6, Label: Pee Diaper for Harper
2024-01-07 23:33:52,068 INFO:Key 6 pressed. Label: Pee Diaper for Harper, Count: 3
2024-01-07 23:33:52,070 INFO:Connected to the database successfully for Pee Diaper for Harper.
2024-01-07 23:33:52,072 ERROR:SQLite error: no such column: key_label
2024-01-07 23:35:23,998 INFO:Starting Flask app...
2024-01-07 23:35:24,050 INFO: * Running on http://10.0.0.237:5000/ (Press CTRL+C to quit)
2024-01-07 23:35:24,232 INFO:Keyboard listener started.
2024-01-07 23:36:45,055 INFO:Starting Flask app...
2024-01-07 23:36:45,102 INFO: * Running on http://10.0.0.237:5000/ (Press CTRL+C to quit)
2024-01-07 23:36:45,285 INFO:Keyboard listener started.
2024-01-07 23:37:58,035 INFO:Starting Flask app...
2024-01-07 23:37:58,083 INFO: * Running on http://10.0.0.237:5000/ (Press CTRL+C to quit)
2024-01-07 23:37:58,253 INFO:Keyboard listener started.
2024-01-07 23:38:01,983 INFO:Request received at /
2024-01-07 23:38:02,034 INFO:10.0.0.162 - - [07/Jan/2024 23:38:02] "[37mGET / HTTP/1.1[0m" 200 -
2024-01-07 23:38:06,964 INFO:Detected key: 6, Label: Pee Diaper for Harper
2024-01-07 23:38:06,965 INFO:Key 6 pressed. Label: Pee Diaper for Harper, Count: 1
2024-01-07 23:38:06,967 INFO:Connected to the database successfully for Pee Diaper for Harper.
2024-01-07 23:38:06,969 ERROR:SQLite error: no such column: key_label
2024-01-07 23:38:08,628 INFO:Detected key: 6, Label: Pee Diaper for Harper
2024-01-07 23:38:08,629 INFO:Key 6 pressed. Label: Pee Diaper for Harper, Count: 2
2024-01-07 23:38:08,630 INFO:Connected to the database successfully for Pee Diaper for Harper.
2024-01-07 23:38:08,632 ERROR:SQLite error: no such column: key_label
2024-01-07 23:38:08,986 INFO:Detected key: 6, Label: Pee Diaper for Harper
2024-01-07 23:38:08,987 INFO:Key 6 pressed. Label: Pee Diaper for Harper, Count: 3
2024-01-07 23:38:08,988 INFO:Connected to the database successfully for Pee Diaper for Harper.
2024-01-07 23:38:08,990 ERROR:SQLite error: no such column: key_label
2024-01-07 23:38:09,324 INFO:Detected key: 5, Label: Pee Diaper for Halston
2024-01-07 23:38:09,324 INFO:Key 5 pressed. Label: Pee Diaper for Halston, Count: 1
2024-01-07 23:38:09,326 INFO:Connected to the database successfully for Pee Diaper for Halston.
2024-01-07 23:38:09,328 ERROR:SQLite error: no such column: key_label
2024-01-07 23:38:09,669 INFO:Detected key: 6, Label: Pee Diaper for Harper
2024-01-07 23:38:09,670 INFO:Key 6 pressed. Label: Pee Diaper for Harper, Count: 4
2024-01-07 23:38:09,672 INFO:Connected to the database successfully for Pee Diaper for Harper.
2024-01-07 23:38:09,675 ERROR:SQLite error: no such column: key_label
2024-01-07 23:38:10,920 INFO:Request received at /
2024-01-07 23:38:10,923 INFO:10.0.0.162 - - [07/Jan/2024 23:38:10] "[37mGET / HTTP/1.1[0m" 200 -
2024-01-07 23:38:16,221 INFO:Detected key: 4, Label: Unknown
2024-01-07 23:38:16,645 INFO:Detected key: 4, Label: Unknown
2024-01-07 23:38:17,018 INFO:Detected key: 4, Label: Unknown
2024-01-07 23:38:17,352 INFO:Detected key: 4, Label: Unknown
2024-01-07 23:38:17,712 INFO:Detected key: 4, Label: Unknown
2024-01-07 23:38:18,029 INFO:Detected key: 4, Label: Unknown
2024-01-07 23:38:18,331 INFO:Detected key: 4, Label: Unknown
2024-01-07 23:38:19,664 INFO:Request received at /
2024-01-07 23:38:19,667 INFO:10.0.0.162 - - [07/Jan/2024 23:38:19] "[37mGET / HTTP/1.1[0m" 200 -
2024-01-07 23:38:24,333 INFO:Detected key: 3, Label: Unknown
2024-01-07 23:38:24,690 INFO:Detected key: 3, Label: Unknown
2024-01-07 23:38:25,036 INFO:Detected key: 3, Label: Unknown
2024-01-07 23:38:25,376 INFO:Detected key: 3, Label: Unknown
2024-01-07 23:38:25,706 INFO:Detected key: 3, Label: Unknown
2024-01-07 23:38:26,016 INFO:Detected key: 3, Label: Unknown
2024-01-07 23:38:26,337 INFO:Detected key: 3, Label: Unknown
2024-01-07 23:38:26,648 INFO:Detected key: 3, Label: Unknown
2024-01-07 23:38:27,694 INFO:Request received at /
2024-01-07 23:38:27,697 INFO:10.0.0.162 - - [07/Jan/2024 23:38:27] "[37mGET / HTTP/1.1[0m" 200 -
2024-01-07 23:38:33,375 INFO:Request received at /
2024-01-07 23:38:33,378 INFO:10.0.0.162 - - [07/Jan/2024 23:38:33] "[37mGET / HTTP/1.1[0m" 200 -
2024-01-07 23:38:41,569 INFO:Detected key: 5, Label: Pee Diaper for Halston
2024-01-07 23:38:41,569 INFO:Key 5 pressed. Label: Pee Diaper for Halston, Count: 2
2024-01-07 23:38:41,571 INFO:Connected to the database successfully for Pee Diaper for Halston.
2024-01-07 23:38:41,573 ERROR:SQLite error: no such column: key_label
2024-01-07 23:38:42,706 INFO:Detected key: 5, Label: Pee Diaper for Halston
2024-01-07 23:38:42,706 INFO:Key 5 pressed. Label: Pee Diaper for Halston, Count: 3
2024-01-07 23:38:42,708 INFO:Connected to the database successfully for Pee Diaper for Halston.
2024-01-07 23:38:42,710 ERROR:SQLite error: no such column: key_label
2024-01-07 23:38:43,617 INFO:Detected key: 5, Label: Pee Diaper for Halston
2024-01-07 23:38:43,617 INFO:Key 5 pressed. Label: Pee Diaper for Halston, Count: 4
2024-01-07 23:38:43,619 INFO:Connected to the database successfully for Pee Diaper for Halston.
2024-01-07 23:38:43,621 ERROR:SQLite error: no such column: key_label
2024-01-07 23:38:43,959 INFO:Detected key: 5, Label: Pee Diaper for Halston
2024-01-07 23:38:43,959 INFO:Key 5 pressed. Label: Pee Diaper for Halston, Count: 5
2024-01-07 23:38:43,961 INFO:Connected to the database successfully for Pee Diaper for Halston.
2024-01-07 23:38:43,963 ERROR:SQLite error: no such column: key_label
2024-01-07 23:38:44,229 INFO:Detected key: 5, Label: Pee Diaper for Halston
2024-01-07 23:38:44,230 INFO:Key 5 pressed. Label: Pee Diaper for Halston, Count: 6
2024-01-07 23:38:44,231 INFO:Connected to the database successfully for Pee Diaper for Halston.
2024-01-07 23:38:44,233 ERROR:SQLite error: no such column: key_label
2024-01-07 23:38:44,509 INFO:Detected key: 5, Label: Pee Diaper for Halston
2024-01-07 23:38:44,510 INFO:Key 5 pressed. Label: Pee Diaper for Halston, Count: 7
2024-01-07 23:38:44,512 INFO:Connected to the database successfully for Pee Diaper for Halston.
2024-01-07 23:38:44,514 ERROR:SQLite error: no such column: key_label
2024-01-07 23:38:46,274 INFO:Request received at /
2024-01-07 23:38:46,277 INFO:10.0.0.162 - - [07/Jan/2024 23:38:46] "[37mGET / HTTP/1.1[0m" 200 -
2024-01-07 23:38:50,515 INFO:Detected key: 6, Label: Pee Diaper for Harper
2024-01-07 23:38:50,515 INFO:Key 6 pressed. Label: Pee Diaper for Harper, Count: 5
2024-01-07 23:38:50,517 INFO:Connected to the database successfully for Pee Diaper for Harper.
2024-01-07 23:38:50,519 ERROR:SQLite error: no such column: key_label
2024-01-07 23:38:50,964 INFO:Detected key: 6, Label: Pee Diaper for Harper
2024-01-07 23:38:50,965 INFO:Key 6 pressed. Label: Pee Diaper for Harper, Count: 6
2024-01-07 23:38:50,966 INFO:Connected to the database successfully for Pee Diaper for Harper.
2024-01-07 23:38:50,968 ERROR:SQLite error: no such column: key_label
2024-01-07 23:38:51,385 INFO:Detected key: 6, Label: Pee Diaper for Harper
2024-01-07 23:38:51,386 INFO:Key 6 pressed. Label: Pee Diaper for Harper, Count: 7
2024-01-07 23:38:51,387 INFO:Connected to the database successfully for Pee Diaper for Harper.
2024-01-07 23:38:51,389 ERROR:SQLite error: no such column: key_label
2024-01-07 23:38:51,727 INFO:Detected key: 6, Label: Pee Diaper for Harper
2024-01-07 23:38:51,727 INFO:Key 6 pressed. Label: Pee Diaper for Harper, Count: 8
2024-01-07 23:38:51,729 INFO:Connected to the database successfully for Pee Diaper for Harper.
2024-01-07 23:38:51,730 ERROR:SQLite error: no such column: key_label
2024-01-07 23:38:53,956 INFO:Request received at /
2024-01-07 23:38:53,959 INFO:10.0.0.162 - - [07/Jan/2024 23:38:53] "[37mGET / HTTP/1.1[0m" 200 -
2024-01-07 23:38:55,326 INFO:Detected key: 5, Label: Pee Diaper for Halston
2024-01-07 23:38:55,326 INFO:Key 5 pressed. Label: Pee Diaper for Halston, Count: 8
2024-01-07 23:38:55,328 INFO:Connected to the database successfully for Pee Diaper for Halston.
2024-01-07 23:38:55,330 ERROR:SQLite error: no such column: key_label
2024-01-07 23:38:55,643 INFO:Detected key: 5, Label: Pee Diaper for Halston
2024-01-07 23:38:55,644 INFO:Key 5 pressed. Label: Pee Diaper for Halston, Count: 9
2024-01-07 23:38:55,649 INFO:Connected to the database successfully for Pee Diaper for Halston.
2024-01-07 23:38:55,651 ERROR:SQLite error: no such column: key_label
2024-01-07 23:38:55,958 INFO:Detected key: 5, Label: Pee Diaper for Halston
2024-01-07 23:38:55,959 INFO:Key 5 pressed. Label: Pee Diaper for Halston, Count: 10
2024-01-07 23:38:55,960 INFO:Connected to the database successfully for Pee Diaper for Halston.
2024-01-07 23:38:55,963 ERROR:SQLite error: no such column: key_label
2024-01-07 23:38:56,244 INFO:Detected key: 5, Label: Pee Diaper for Halston
2024-01-07 23:38:56,245 INFO:Key 5 pressed. Label: Pee Diaper for Halston, Count: 11
2024-01-07 23:38:56,247 INFO:Connected to the database successfully for Pee Diaper for Halston.
2024-01-07 23:38:56,248 ERROR:SQLite error: no such column: key_label
2024-01-07 23:38:56,555 INFO:Detected key: 5, Label: Pee Diaper for Halston
2024-01-07 23:38:56,556 INFO:Key 5 pressed. Label: Pee Diaper for Halston, Count: 12
2024-01-07 23:38:56,557 INFO:Connected to the database successfully for Pee Diaper for Halston.
2024-01-07 23:38:56,559 ERROR:SQLite error: no such column: key_label
2024-01-07 23:38:56,820 INFO:Detected key: 5, Label: Pee Diaper for Halston
2024-01-07 23:38:56,821 INFO:Key 5 pressed. Label: Pee Diaper for Halston, Count: 13
2024-01-07 23:38:56,823 INFO:Connected to the database successfully for Pee Diaper for Halston.
2024-01-07 23:38:56,825 ERROR:SQLite error: no such column: key_label
2024-01-07 23:38:58,259 INFO:Request received at /
2024-01-07 23:38:58,262 INFO:10.0.0.162 - - [07/Jan/2024 23:38:58] "[37mGET / HTTP/1.1[0m" 200 -
2024-01-07 23:38:59,467 INFO:Detected key: 3, Label: Unknown
2024-01-07 23:38:59,824 INFO:Detected key: 3, Label: Unknown
2024-01-07 23:39:00,163 INFO:Detected key: 3, Label: Unknown
2024-01-07 23:39:00,484 INFO:Detected key: 3, Label: Unknown
2024-01-07 23:39:00,798 INFO:Detected key: 3, Label: Unknown
2024-01-07 23:39:01,105 INFO:Detected key: 3, Label: Unknown
2024-01-07 23:39:04,434 INFO:Request received at /
2024-01-07 23:39:04,437 INFO:10.0.0.162 - - [07/Jan/2024 23:39:04] "[37mGET / HTTP/1.1[0m" 200 -
2024-01-07 23:39:06,099 INFO:Detected key: 2, Label: Poo Diaper for Halston
2024-01-07 23:39:06,100 INFO:Key 2 pressed. Label: Poo Diaper for Halston, Count: 1
2024-01-07 23:39:06,102 INFO:Connected to the database successfully for Poo Diaper for Halston.
2024-01-07 23:39:06,104 ERROR:SQLite error: no such column: key_label
2024-01-07 23:39:06,366 INFO:Detected key: 2, Label: Poo Diaper for Halston
2024-01-07 23:39:06,367 INFO:Key 2 pressed. Label: Poo Diaper for Halston, Count: 2
2024-01-07 23:39:06,369 INFO:Connected to the database successfully for Poo Diaper for Halston.
2024-01-07 23:39:06,371 ERROR:SQLite error: no such column: key_label
2024-01-07 23:39:06,651 INFO:Detected key: 2, Label: Poo Diaper for Halston
2024-01-07 23:39:06,652 INFO:Key 2 pressed. Label: Poo Diaper for Halston, Count: 3
2024-01-07 23:39:06,653 INFO:Connected to the database successfully for Poo Diaper for Halston.
2024-01-07 23:39:06,655 ERROR:SQLite error: no such column: key_label
2024-01-07 23:39:06,909 INFO:Detected key: 2, Label: Poo Diaper for Halston
2024-01-07 23:39:06,910 INFO:Key 2 pressed. Label: Poo Diaper for Halston, Count: 4
2024-01-07 23:39:06,912 INFO:Connected to the database successfully for Poo Diaper for Halston.
2024-01-07 23:39:06,914 ERROR:SQLite error: no such column: key_label
2024-01-07 23:39:08,192 INFO:Request received at /
2024-01-07 23:39:08,195 INFO:10.0.0.162 - - [07/Jan/2024 23:39:08] "[37mGET / HTTP/1.1[0m" 200 -
2024-01-07 23:39:13,118 INFO:Detected key: 3, Label: Unknown
2024-01-07 23:39:13,459 INFO:Detected key: 3, Label: Unknown
2024-01-07 23:39:13,737 INFO:Detected key: 3, Label: Unknown
2024-01-07 23:39:13,956 INFO:Detected key: 3, Label: Unknown
2024-01-07 23:39:14,168 INFO:Detected key: 3, Label: Unknown
2024-01-07 23:39:14,381 INFO:Detected key: 3, Label: Unknown
2024-01-07 23:39:14,592 INFO:Detected key: 3, Label: Unknown
2024-01-07 23:39:15,933 INFO:Request received at /
2024-01-07 23:39:15,936 INFO:10.0.0.162 - - [07/Jan/2024 23:39:15] "[37mGET / HTTP/1.1[0m" 200 -
2024-01-07 23:39:17,484 INFO:Detected key: 2, Label: Poo Diaper for Halston
2024-01-07 23:39:17,485 INFO:Key 2 pressed. Label: Poo Diaper for Halston, Count: 5
2024-01-07 23:39:17,486 INFO:Connected to the database successfully for Poo Diaper for Halston.
2024-01-07 23:39:17,488 ERROR:SQLite error: no such column: key_label
2024-01-07 23:39:17,704 INFO:Detected key: 2, Label: Poo Diaper for Halston
2024-01-07 23:39:17,705 INFO:Key 2 pressed. Label: Poo Diaper for Halston, Count: 6
2024-01-07 23:39:17,706 INFO:Connected to the database successfully for Poo Diaper for Halston.
2024-01-07 23:39:17,708 ERROR:SQLite error: no such column: key_label
2024-01-07 23:39:17,915 INFO:Detected key: 2, Label: Poo Diaper for Halston
2024-01-07 23:39:17,916 INFO:Key 2 pressed. Label: Poo Diaper for Halston, Count: 7
2024-01-07 23:39:17,917 INFO:Connected to the database successfully for Poo Diaper for Halston.
2024-01-07 23:39:17,919 ERROR:SQLite error: no such column: key_label
2024-01-07 23:39:18,121 INFO:Detected key: 2, Label: Poo Diaper for Halston
2024-01-07 23:39:18,122 INFO:Key 2 pressed. Label: Poo Diaper for Halston, Count: 8
2024-01-07 23:39:18,125 INFO:Connected to the database successfully for Poo Diaper for Halston.
2024-01-07 23:39:18,127 ERROR:SQLite error: no such column: key_label
2024-01-07 23:39:18,321 INFO:Detected key: 2, Label: Poo Diaper for Halston
2024-01-07 23:39:18,322 INFO:Key 2 pressed. Label: Poo Diaper for Halston, Count: 9
2024-01-07 23:39:18,323 INFO:Connected to the database successfully for Poo Diaper for Halston.
2024-01-07 23:39:18,325 ERROR:SQLite error: no such column: key_label
2024-01-07 23:39:18,519 INFO:Detected key: 2, Label: Poo Diaper for Halston
2024-01-07 23:39:18,520 INFO:Key 2 pressed. Label: Poo Diaper for Halston, Count: 10
2024-01-07 23:39:18,522 INFO:Connected to the database successfully for Poo Diaper for Halston.
2024-01-07 23:39:18,524 ERROR:SQLite error: no such column: key_label
2024-01-07 23:39:18,710 INFO:Detected key: 2, Label: Poo Diaper for Halston
2024-01-07 23:39:18,712 INFO:Key 2 pressed. Label: Poo Diaper for Halston, Count: 11
2024-01-07 23:39:18,713 INFO:Connected to the database successfully for Poo Diaper for Halston.
2024-01-07 23:39:18,715 ERROR:SQLite error: no such column: key_label
2024-01-07 23:39:18,893 INFO:Detected key: 2, Label: Poo Diaper for Halston
2024-01-07 23:39:18,894 INFO:Key 2 pressed. Label: Poo Diaper for Halston, Count: 12
2024-01-07 23:39:18,896 INFO:Connected to the database successfully for Poo Diaper for Halston.
2024-01-07 23:39:18,898 ERROR:SQLite error: no such column: key_label
2024-01-07 23:39:19,112 INFO:Detected key: 2, Label: Poo Diaper for Halston
2024-01-07 23:39:19,113 INFO:Key 2 pressed. Label: Poo Diaper for Halston, Count: 13
2024-01-07 23:39:19,114 INFO:Connected to the database successfully for Poo Diaper for Halston.
2024-01-07 23:39:19,117 ERROR:SQLite error: no such column: key_label
2024-01-07 23:39:21,512 INFO:Request received at /
2024-01-07 23:39:21,514 INFO:10.0.0.162 - - [07/Jan/2024 23:39:21] "[37mGET / HTTP/1.1[0m" 200 -
